[2020-09-21 00:35:57][INFO][(MainThread)][DONUT.py:39] Initialization Succesful.
[2020-09-21 00:35:57][INFO][(MainThread)][main.py:34] All Models Initialized.
[2020-09-21 00:35:57][INFO][(MainThread)][main.py:59] Retraining all Models.
[2020-09-21 00:35:57][INFO][(MainThread)][DAGMM.py:65] Starting Training. Points: [0, 10455]
[2020-09-21 00:36:02][INFO][(MainThread)][DAGMM.py:70] Training Done. Saved weights at: weights/DAGMM/run.pth
[2020-09-21 00:36:02][INFO][(MainThread)][LSTM_DAGMM.py:64] Starting Training. Points: [0, 10455]
[2020-09-21 00:36:11][INFO][(MainThread)][LSTM_DAGMM.py:69] Training Done. Saved weights at: weights/LSTM_DAGMM/run.pth
[2020-09-21 00:36:12][INFO][(MainThread)][LSTMED.py:63] Starting Training. Points: [0, 10455]
[2020-09-21 00:36:25][INFO][(MainThread)][LSTMED.py:68] Training Done. Saved weights at: weights/LSTMED/run.pth
[2020-09-21 00:36:25][INFO][(MainThread)][LSTMAD.py:63] Starting Training. Points: [0, 10455]
[2020-09-21 00:36:42][INFO][(MainThread)][LSTMAD.py:68] Training Done. Saved weights at: weights/LSTMAD/run.pth
[2020-09-21 00:36:42][INFO][(MainThread)][main.py:67] Evaluating all Models.
[2020-09-21 00:36:42][INFO][(MainThread)][DAGMM.py:78] Starting Evaluation. Points: [9470, 10470]
[2020-09-21 00:36:44][INFO][(MainThread)][DAGMM.py:89] Evaluation Done. Saved predictions at: predictions/DAGMM/sc.txt
[2020-09-21 00:36:44][INFO][(MainThread)][LSTM_DAGMM.py:77] Starting Evaluation. Points: [9470, 10470]
[2020-09-21 00:36:50][INFO][(MainThread)][LSTM_DAGMM.py:88] Evaluation Done. Saved predictions at: predictions/LSTM_DAGMM/sc.txt
[2020-09-21 00:36:51][INFO][(MainThread)][LSTMED.py:76] Starting Evaluation. Points: [9470, 10470]
[2020-09-21 00:36:51][INFO][(MainThread)][LSTMED.py:87] Evaluation Done. Saved predictions at: predictions/LSTMED/sc.txt
[2020-09-21 00:36:51][INFO][(MainThread)][LSTMAD.py:76] Starting Evaluation. Points: [9470, 10470]
[2020-09-21 00:36:52][INFO][(MainThread)][LSTMAD.py:87] Evaluation Done. Saved predictions at: predictions/LSTMAD/sc.txt
[2020-09-21 00:36:56][INFO][(MainThread)][main.py:67] Evaluating all Models.
[2020-09-21 00:36:56][INFO][(MainThread)][DAGMM.py:78] Starting Evaluation. Points: [9485, 10485]
[2020-09-21 00:36:57][INFO][(MainThread)][DAGMM.py:89] Evaluation Done. Saved predictions at: predictions/DAGMM/sc.txt
[2020-09-21 00:36:58][INFO][(MainThread)][LSTM_DAGMM.py:77] Starting Evaluation. Points: [9485, 10485]
[2020-09-21 00:37:04][INFO][(MainThread)][LSTM_DAGMM.py:88] Evaluation Done. Saved predictions at: predictions/LSTM_DAGMM/sc.txt
[2020-09-21 00:37:04][INFO][(MainThread)][LSTMED.py:76] Starting Evaluation. Points: [9485, 10485]
[2020-09-21 00:37:05][INFO][(MainThread)][LSTMED.py:87] Evaluation Done. Saved predictions at: predictions/LSTMED/sc.txt
[2020-09-21 00:37:05][INFO][(MainThread)][LSTMAD.py:76] Starting Evaluation. Points: [9485, 10485]
[2020-09-21 00:37:05][INFO][(MainThread)][LSTMAD.py:87] Evaluation Done. Saved predictions at: predictions/LSTMAD/sc.txt
[2020-09-21 00:37:09][INFO][(MainThread)][main.py:67] Evaluating all Models.
[2020-09-21 00:37:09][INFO][(MainThread)][DAGMM.py:78] Starting Evaluation. Points: [9500, 10500]
[2020-09-21 00:37:11][INFO][(MainThread)][DAGMM.py:89] Evaluation Done. Saved predictions at: predictions/DAGMM/sc.txt
[2020-09-21 00:37:11][INFO][(MainThread)][LSTM_DAGMM.py:77] Starting Evaluation. Points: [9500, 10500]
